0 info it worked if it ends with ok
1 verbose cli [ '/usr/local/bin/node',
1 verbose cli   '/usr/local/lib/node_modules/pm2/lib/ProcessContainerFork.js',
1 verbose cli   'start' ]
2 info using npm@3.10.8
3 info using node@v6.9.1
4 verbose run-script [ 'prestart', 'start', 'poststart' ]
5 info lifecycle voice-sample@1.0.0~prestart: voice-sample@1.0.0
6 silly lifecycle voice-sample@1.0.0~prestart: no script for prestart, continuing
7 info lifecycle voice-sample@1.0.0~start: voice-sample@1.0.0
8 verbose lifecycle voice-sample@1.0.0~start: unsafe-perm in lifecycle true
9 verbose lifecycle voice-sample@1.0.0~start: PATH: /usr/local/lib/node_modules/npm/bin/node-gyp-bin:/home/bestseller/Documents/voice-sample/node_modules/.bin:/home/bestseller/bin:/home/bestseller/.local/bin:/home/bestseller/bin:/home/bestseller/.local/bin:/usr/local/sbin:/usr/local/bin:/usr/sbin:/usr/bin:/sbin:/bin:/usr/games:/usr/local/games:/snap/bin
10 verbose lifecycle voice-sample@1.0.0~start: CWD: /home/bestseller/Documents/voice-sample
11 silly lifecycle voice-sample@1.0.0~start: Args: [ '-c', 'mongod && mongo && node app.js' ]
12 silly lifecycle voice-sample@1.0.0~start: Returned: code: 14  signal: null
13 info lifecycle voice-sample@1.0.0~start: Failed to exec start script
14 verbose stack Error: voice-sample@1.0.0 start: `mongod && mongo && node app.js`
14 verbose stack Exit status 14
14 verbose stack     at EventEmitter.<anonymous> (/usr/local/lib/node_modules/npm/lib/utils/lifecycle.js:255:16)
14 verbose stack     at emitTwo (events.js:106:13)
14 verbose stack     at EventEmitter.emit (events.js:191:7)
14 verbose stack     at ChildProcess.<anonymous> (/usr/local/lib/node_modules/npm/lib/utils/spawn.js:40:14)
14 verbose stack     at emitTwo (events.js:106:13)
14 verbose stack     at ChildProcess.emit (events.js:191:7)
14 verbose stack     at maybeClose (internal/child_process.js:877:16)
14 verbose stack     at Process.ChildProcess._handle.onexit (internal/child_process.js:226:5)
15 verbose pkgid voice-sample@1.0.0
16 verbose cwd /home/bestseller/Documents/voice-sample
17 error Linux 4.15.0-52-generic
18 error argv "/usr/local/bin/node" "/usr/local/lib/node_modules/pm2/lib/ProcessContainerFork.js" "start"
19 error node v6.9.1
20 error npm  v3.10.8
21 error code ELIFECYCLE
22 error voice-sample@1.0.0 start: `mongod && mongo && node app.js`
22 error Exit status 14
23 error Failed at the voice-sample@1.0.0 start script 'mongod && mongo && node app.js'.
23 error Make sure you have the latest version of node.js and npm installed.
23 error If you do, this is most likely a problem with the voice-sample package,
23 error not with npm itself.
23 error Tell the author that this fails on your system:
23 error     mongod && mongo && node app.js
23 error You can get information on how to open an issue for this project with:
23 error     npm bugs voice-sample
23 error Or if that isn't available, you can get their info via:
23 error     npm owner ls voice-sample
23 error There is likely additional logging output above.
24 verbose exit [ 1, true ]
